Arguments: 
  /usr/local/bin/node /usr/local/bin/yarn

PATH: 
  /usr/local/bin:/usr/bin:/bin:/usr/sbin:/sbin:/Library/Apple/usr/bin

Yarn version: 
  1.22.4

Node version: 
  14.16.0

Platform: 
  darwin x64

Trace: 
  Error: https://registry-npm.daojia-inc.com/axios: ETIMEDOUT
      at Timeout._onTimeout (/usr/local/lib/node_modules/yarn/lib/cli.js:141408:19)
      at listOnTimeout (internal/timers.js:554:17)
      at processTimers (internal/timers.js:497:7)

npm manifest: 
  {
    "name": "realworld-nuxtjs",
    "version": "1.0.0",
    "description": "",
    "main": "index.js",
    "scripts": {
      "dev": "nuxt",
      "build": "nuxt build",
      "start": "nuxt start"
    },
    "keywords": [],
    "author": "",
    "license": "ISC",
    "dependencies": {
      "axios": "^0.19.2",
      "cookieparser": "^0.1.0",
      "dayjs": "^1.8.28",
      "js-cookie": "^2.2.1",
      "markdown-it": "^11.0.0",
      "nuxt": "^2.12.2"
    }
  }

yarn manifest: 
  No manifest

Lockfile: 
  No lockfile
